0 info it worked if it ends with ok
1 verbose cli [ '/usr/local/bin/node',
1 verbose cli   '/usr/local/bin/npm',
1 verbose cli   'install',
1 verbose cli   '-g',
1 verbose cli   'watchman' ]
2 info using npm@2.5.1
3 info using node@v0.12.1
4 verbose node symlink /usr/local/bin/node
5 silly cache add args [ 'watchman', null ]
6 verbose cache add spec watchman
7 silly cache add parsed spec { raw: 'watchman',
7 silly cache add   scope: null,
7 silly cache add   name: 'watchman',
7 silly cache add   rawSpec: '',
7 silly cache add   spec: '*',
7 silly cache add   type: 'range' }
8 verbose addNamed watchman@*
9 silly addNamed semver.valid null
10 silly addNamed semver.validRange *
11 silly addNameRange { name: 'watchman', range: '*', hasData: false }
12 silly mapToRegistry name watchman
13 silly mapToRegistry using default registry
14 silly mapToRegistry registry https://registry.npmjs.org/
15 silly mapToRegistry uri https://registry.npmjs.org/watchman
16 verbose addNameRange registry:https://registry.npmjs.org/watchman not in flight; fetching
17 verbose request uri https://registry.npmjs.org/watchman
18 verbose request no auth needed
19 info attempt registry request try #1 at 8:52:05 PM
20 verbose request id 2ac77a18c19b6b61
21 http request GET https://registry.npmjs.org/watchman
22 http 200 https://registry.npmjs.org/watchman
23 silly get cb [ 200,
23 silly get   { date: 'Thu, 26 Mar 2015 23:52:06 GMT',
23 silly get     server: 'CouchDB/1.5.0 (Erlang OTP/R16B03)',
23 silly get     etag: '"6NKYWL3P3JVNW16KGRK07LQ7S"',
23 silly get     'content-type': 'application/json',
23 silly get     'cache-control': 'max-age=60',
23 silly get     'content-length': '19907',
23 silly get     'accept-ranges': 'bytes',
23 silly get     via: '1.1 varnish',
23 silly get     age: '0',
23 silly get     'x-served-by': 'cache-atl6232-ATL',
23 silly get     'x-cache': 'MISS',
23 silly get     'x-cache-hits': '0',
23 silly get     'x-timer': 'S1427413926.240588,VS0,VE390',
23 silly get     vary: 'Accept',
23 silly get     'keep-alive': 'timeout=10, max=50',
23 silly get     connection: 'Keep-Alive' } ]
24 verbose get saving watchman to /Users/finalquest/.npm/registry.npmjs.org/watchman/.cache.json
25 silly addNameRange number 2 { name: 'watchman', range: '*', hasData: true }
26 silly addNameRange versions [ 'watchman',
26 silly addNameRange   [ '0.1.0',
26 silly addNameRange     '0.1.1',
26 silly addNameRange     '0.1.2',
26 silly addNameRange     '0.1.3',
26 silly addNameRange     '0.1.4',
26 silly addNameRange     '0.1.5',
26 silly addNameRange     '0.1.6',
26 silly addNameRange     '0.1.7',
26 silly addNameRange     '0.1.8' ] ]
27 verbose addNamed watchman@0.1.8
28 silly addNamed semver.valid 0.1.8
29 silly addNamed semver.validRange 0.1.8
30 silly mapToRegistry name watchman
31 silly mapToRegistry using default registry
32 silly mapToRegistry registry https://registry.npmjs.org/
33 silly mapToRegistry uri https://registry.npmjs.org/watchman
34 verbose addRemoteTarball https://registry.npmjs.org/watchman/-/watchman-0.1.8.tgz not in flight; adding
35 verbose addRemoteTarball [ 'https://registry.npmjs.org/watchman/-/watchman-0.1.8.tgz',
35 verbose addRemoteTarball   '78ae7e866205ed68f1bec59da6f672691710103e' ]
36 info retry fetch attempt 1 at 8:52:06 PM
37 info attempt registry request try #1 at 8:52:06 PM
38 http fetch GET https://registry.npmjs.org/watchman/-/watchman-0.1.8.tgz
39 http fetch 200 https://registry.npmjs.org/watchman/-/watchman-0.1.8.tgz
40 silly fetchAndShaCheck shasum 78ae7e866205ed68f1bec59da6f672691710103e
41 verbose addTmpTarball /var/folders/y2/1hn2z0sx79n0bqqnz73bf8900000gn/T/npm-4105-367e369f/registry.npmjs.org/watchman/-/watchman-0.1.8.tgz not in flight; adding
42 verbose addTmpTarball already have metadata; skipping unpack for watchman@0.1.8
43 silly cache afterAdd watchman@0.1.8
44 verbose afterAdd /Users/finalquest/.npm/watchman/0.1.8/package/package.json not in flight; writing
45 verbose afterAdd /Users/finalquest/.npm/watchman/0.1.8/package/package.json written
46 silly install resolved [ { name: 'watchman',
46 silly install resolved     description: 'A simple utility to watch files/directories and perform an action when they change.',
46 silly install resolved     version: '0.1.8',
46 silly install resolved     homepage: 'http://github.com/dfjones/watchman',
46 silly install resolved     keywords: [ 'file', 'filesystem', 'change', 'command line' ],
46 silly install resolved     author: { name: 'Doug Jones', email: 'doug@dfjones.net' },
46 silly install resolved     bin: { watchman: './watchman' },
46 silly install resolved     bugs:
46 silly install resolved      { mail: 'doug@dfjones.net',
46 silly install resolved        url: 'http://github.com/dfjones/watchman/issues' },
46 silly install resolved     repository: { type: 'git', url: 'http://github.com/dfjones/watchman.git' },
46 silly install resolved     engines: { node: '>= 0.4.0' },
46 silly install resolved     dependencies: { cli: '>= 0.2.8', eco: '>= 1.1.0-rc-3' },
46 silly install resolved     readme: 'Watchman\n========\n\nSimple utility that watches files/directories for changes and performs an action when they change. Inspired (and partially based on) the coffee-script compiler.\n\nYes, I wrote it in coffee-script and NodeJS. Does that make me hip now?\n\n(Calm down, you don\'t need coffee-script to run it.)\n\nExamples:\n\n    ./watchman watchman "ls -lah"\n    Tue Apr 12 2011 23:06:42 - watching: watchman\n    Tue Apr 12 2011 23:06:51 - File changed: watchman\n    Tue Apr 12 2011 23:06:51 - Running action...\n    Tue Apr 12 2011 23:06:52 - stderr: \n    Tue Apr 12 2011 23:06:52 - stdout: total 80\n    drwxr-xr-x  10 doug  doug   340B Apr 12 23:06 .\n    drwxr-xr-x@ 26 doug  doug   884B Apr  7 22:17 ..\n    -rw-r--r--   1 doug  doug    12K Apr 12 23:06 .README.swp\n    drwxr-xr-x  15 doug  doug   510B Apr 12 23:06 .git\n    drwxrwxr-x   5 doug  doug   170B Apr 12 23:06 .vimbackup\n    -rw-r--r--   1 doug  doug    12K Apr 12 23:00 .watchman.coffee.swp\n    -rw-r--r--   1 doug  doug   497B Apr 12 23:06 README\n    drwxr-xr-x   7 doug  doug   238B Apr  3 13:14 test\n    -rwxr-xr-x   1 doug  doug   4.1K Apr 12 23:06 watchman\n    -rwxr-xr-x   1 doug  doug   2.6K Apr 12 23:00 watchman.coffee\n\n\nWorks with directories too!\n\n    ./watchman test "echo \'hello world\'"\n    Tue Apr 12 2011 23:07:32 - watching directory: test\n    Tue Apr 12 2011 23:07:32 - watching: test/file2\n    Tue Apr 12 2011 23:07:32 - watching: test/bar\n    Tue Apr 12 2011 23:07:32 - watching: test/file3\n    Tue Apr 12 2011 23:07:32 - watching: test/foo\n    Tue Apr 12 2011 23:07:39 - File changed: test/foo\n    Tue Apr 12 2011 23:07:39 - Running action...\n    Tue Apr 12 2011 23:07:39 - stderr: \n    Tue Apr 12 2011 23:07:39 - stdout: hello world\n\nNot only that, but it will find new files in any watched directory!\n\n    ./watchman test "echo \'hello world\'"\n    Tue Apr 12 2011 23:08:30 - watching directory: test\n    Tue Apr 12 2011 23:08:30 - watching: test/bar\n    Tue Apr 12 2011 23:08:30 - watching: test/file2\n    Tue Apr 12 2011 23:08:30 - watching: test/file3\n    Tue Apr 12 2011 23:08:30 - watching: test/foo\n\nLater after adding "newFile"...\n\n    Tue Apr 12 2011 23:08:36 - watching: test/newFile\n\nEven better, the action is an [eco](https://github.com/sstephenson/eco) template!\n\n    ./watchman test "echo \'The file <%= @file %> changed!\'"\n    Thu Jan 03 2013 22:47:35 - watching directory: test\n    Thu Jan 03 2013 22:47:35 - watching: test/foo\n    Thu Jan 03 2013 22:48:17 - Running action...\n    Thu Jan 03 2013 22:48:17 - stderr: \n    Thu Jan 03 2013 22:48:17 - stdout: The file test/foo changed\n\nBy default, Watchman will perform the action immediately upon running. To prevent this, pass -w as an option.\n\nAbout Actions\n-------------\n\nThe action you specify will be exec\'ed in a shell with the same working directory as watchman. The action string is actually a template\nfor [eco](https://github.com/sstephenson/eco). Currently, the context provided to the action template is simply:\n```\n{file: \'/file/that/changed\'}\n```\n\n\nInstall\n--------\n\n    npm install watchman\n',
46 silly install resolved     _id: 'watchman@0.1.8',
46 silly install resolved     dist:
46 silly install resolved      { shasum: '78ae7e866205ed68f1bec59da6f672691710103e',
46 silly install resolved        tarball: 'http://registry.npmjs.org/watchman/-/watchman-0.1.8.tgz' },
46 silly install resolved     _npmVersion: '1.1.63',
46 silly install resolved     _npmUser: { name: 'dfjones', email: 'doug@dfjones.net' },
46 silly install resolved     maintainers: [ [Object] ],
46 silly install resolved     directories: {},
46 silly install resolved     _shasum: '78ae7e866205ed68f1bec59da6f672691710103e',
46 silly install resolved     _resolved: 'https://registry.npmjs.org/watchman/-/watchman-0.1.8.tgz',
46 silly install resolved     _from: 'watchman@*' } ]
47 info install watchman@0.1.8 into /usr/local/lib
48 info installOne watchman@0.1.8
49 verbose installOne of watchman to /usr/local/lib not in flight; installing
50 warn locking Error: EACCES, open '/Users/finalquest/.npm/_locks/watchman-aea9b52b144bf18a.lock'
50 warn locking     at Error (native)
50 warn locking  /Users/finalquest/.npm/_locks/watchman-aea9b52b144bf18a.lock failed { [Error: EACCES, open '/Users/finalquest/.npm/_locks/watchman-aea9b52b144bf18a.lock']
50 warn locking   errno: -13,
50 warn locking   code: 'EACCES',
50 warn locking   path: '/Users/finalquest/.npm/_locks/watchman-aea9b52b144bf18a.lock' }
51 verbose stack Error: Attempt to unlock /usr/local/lib/node_modules/watchman, which hasn't been locked
51 verbose stack     at unlock (/usr/local/lib/node_modules/npm/lib/utils/locker.js:66:11)
51 verbose stack     at cb (/usr/local/lib/node_modules/npm/lib/install.js:929:5)
51 verbose stack     at /usr/local/lib/node_modules/npm/lib/install.js:933:20
51 verbose stack     at /usr/local/lib/node_modules/npm/lib/utils/locker.js:40:9
51 verbose stack     at cb (/usr/local/lib/node_modules/npm/node_modules/lockfile/lockfile.js:149:38)
51 verbose stack     at /usr/local/lib/node_modules/npm/node_modules/lockfile/lockfile.js:177:38
51 verbose stack     at FSReqWrap.oncomplete (fs.js:99:15)
52 verbose cwd /Users/finalquest/Projects/Propios/iOS/ReactNative/TestProject
53 error Darwin 14.3.0
54 error argv "/usr/local/bin/node" "/usr/local/bin/npm" "install" "-g" "watchman"
55 error node v0.12.1
56 error npm  v2.5.1
57 error Attempt to unlock /usr/local/lib/node_modules/watchman, which hasn't been locked
58 error If you need help, you may report this error at:
58 error     <http://github.com/npm/npm/issues>
59 verbose exit [ 1, true ]
